\BOOKMARK [1][-]{section.1}{\376\377\156\070\142\017\166\204\173\200\116\313}{}% 1
\BOOKMARK [2][-]{subsection.1.1}{\376\377\200\314\146\157\116\313\176\315}{section.1}% 2
\BOOKMARK [2][-]{subsection.1.2}{\376\377\0002\000D\152\052\162\110\121\222\226\151\156\070\142\017\173\200\116\313}{section.1}% 3
\BOOKMARK [2][-]{subsection.1.3}{\376\377\170\024\172\166\166\356\166\204\123\312\141\017\116\111}{section.1}% 4
\BOOKMARK [2][-]{subsection.1.4}{\376\377\000U\000n\000i\000t\000y\137\025\144\316\173\200\116\313}{section.1}% 5
\BOOKMARK [2][-]{subsection.1.5}{\376\377\0002\000D\152\052\162\110\121\222\226\151\156\070\142\017\173\200\116\313}{section.1}% 6
\BOOKMARK [3][-]{subsubsection.1.5.1}{\376\377\145\207\172\340\176\304\176\307\176\323\147\204\123\312\172\340\202\202\133\211\143\222}{subsection.1.5}% 7
\BOOKMARK [1][-]{section.2}{\376\377\127\372\170\100\151\202\137\365}{}% 8
\BOOKMARK [2][-]{subsection.2.1}{\376\377\000U\000n\000i\000t\000y\123\321\134\125\123\362}{section.2}% 9
\BOOKMARK [2][-]{subsection.2.2}{\376\377\143\322\121\145\210\150\150\074}{section.2}% 10
\BOOKMARK [2][-]{subsection.2.3}{\376\377\143\322\121\145\126\376\162\107}{section.2}% 11
\BOOKMARK [3][-]{subsubsection.2.3.1}{\376\377\171\072\117\213}{subsection.2.3}% 12
\BOOKMARK [3][-]{subsubsection.2.3.2}{\376\377\143\322\121\145\116\343\170\001}{subsection.2.3}% 13
\BOOKMARK [1][-]{section.3}{\376\377\177\216\147\057\215\104\156\220\124\214\116\073\230\230}{}% 14
\BOOKMARK [2][-]{subsection.3.1}{\376\377\156\070\142\017\166\204\230\316\150\074\124\214\116\073\230\230}{section.3}% 15
\BOOKMARK [2][-]{subsection.3.2}{\376\377\156\070\142\017\175\040\147\120\177\216\147\057\173\171\131\007}{section.3}% 16
\BOOKMARK [3][-]{subsubsection.3.2.1}{\376\377\211\322\202\162\175\040\147\120}{subsection.3.2}% 17
\BOOKMARK [1][-]{section.4}{\376\377\156\070\142\017\213\276\213\241}{}% 18
\BOOKMARK [2][-]{subsection.4.1}{\376\377\127\372\147\054\144\315\117\134\145\271\137\017}{section.4}% 19
\BOOKMARK [2][-]{subsection.4.2}{\376\377\156\070\142\017\121\163\123\141\213\276\213\241}{section.4}% 20
\BOOKMARK [3][-]{subsubsection.4.2.1}{\376\377\226\234\170\215\162\151}{subsection.4.2}% 21
\BOOKMARK [1][-]{section.5}{\376\377\156\070\142\017\177\026\172\013\137\000\123\321}{}% 22
\BOOKMARK [2][-]{subsection.5.1}{\376\377\127\060\126\376\137\000\123\321}{section.5}% 23
\BOOKMARK [3][-]{subsubsection.5.1.1}{\376\377\127\060\126\376\133\374\121\145}{subsection.5.1}% 24
\BOOKMARK [2][-]{subsection.5.2}{\376\377\127\060\126\376\137\000\123\321}{section.5}% 25
\BOOKMARK [3][-]{subsubsection.5.2.1}{\376\377\127\060\126\376\133\374\121\145}{subsection.5.2}% 26
\BOOKMARK [2][-]{subsection.5.3}{\376\377\127\060\126\376\137\000\123\321}{section.5}% 27
\BOOKMARK [3][-]{subsubsection.5.3.1}{\376\377\127\060\126\376\133\374\121\145}{subsection.5.3}% 28
\BOOKMARK [2][-]{subsection.5.4}{\376\377\127\060\126\376\137\000\123\321}{section.5}% 29
\BOOKMARK [3][-]{subsubsection.5.4.1}{\376\377\127\060\126\376\133\374\121\145}{subsection.5.4}% 30
\BOOKMARK [1][-]{section.6}{\376\377\156\070\142\017\133\374\121\372\116\016\155\113\213\325}{}% 31
\BOOKMARK [1][-]{figure.caption.16}{\376\377\123\302\200\003\145\207\163\056}{}% 32
\BOOKMARK [1][-]{section*.17}{\376\377\201\364\214\042}{}% 33
